<?xml version="1.0" encoding="UTF-8"?>
<!-- Generated by org.testng.reporters.JUnitReportReporter -->
<testsuite skipped="0" hostname="ISHYDLAPLE1523" name="wikipediaBookCreator.DriverScript" tests="1" failures="0" timestamp="9 Nov 2016 10:12:44 GMT" time="31.290" errors="0">
  <testcase name="Test" time="31.290" classname="wikipediaBookCreator.DriverScript"/>
</testsuite> <!-- wikipediaBookCreator.DriverScript -->
